<?xml version="1.0" encoding="UTF-8"?>
<!-- Generated by org.testng.reporters.JUnitXMLReporter -->
<testsuite hostname="A-S2-041-LAXMI" ignored="0" name="Test" tests="21" failures="0" timestamp="03 Dec 2021 11:18:19 GMT" time="425.596" errors="0">
  <testcase name="loginPageTitle" time="0.017" classname="com.anahat.qa.testcases.LoginPageTest"/>
  <testcase name="verifyHealthScreeningLinkTest" time="1.756" classname="com.anahat.qa.testcases.HomePageTest"/>
  <testcase name="verifyHomePageTitleTest" time="0.405" classname="com.anahat.qa.testcases.HomePageTest"/>
  <testcase name="verifyHealthScreeningPageTitleTest" time="2.558" classname="com.anahat.qa.testcases.HealthScreeningPageTest"/>
  <testcase name="verifyDemographicPageTitleTest" time="19.658" classname="com.anahat.qa.testcases.DemographicPageTest"/>
  <testcase name="verifyReportPageTitleTest" time="19.037" classname="com.anahat.qa.testcases.ReportPageTest"/>
  <testcase name="anahatLogoImageTest" time="0.054" classname="com.anahat.qa.testcases.LoginPageTest"/>
  <testcase name="verifyLoginUserTest" time="0.597" classname="com.anahat.qa.testcases.HomePageTest"/>
  <testcase name="verifyGenderTest" time="18.569" classname="com.anahat.qa.testcases.HealthScreeningPageTest"/>
  <testcase name="verifyDemographicDeatilesTest" time="25.041" classname="com.anahat.qa.testcases.DemographicPageTest"/>
  <testcase name="verifyDemographicDeatilesTest" time="24.223" classname="com.anahat.qa.testcases.DemographicPageTest"/>
  <testcase name="VitalReportTest" time="25.773" classname="com.anahat.qa.testcases.ReportPageTest"/>
  <testcase name="VitalReportTest" time="25.998" classname="com.anahat.qa.testcases.ReportPageTest"/>
  <testcase name="VitalReportTest" time="25.611" classname="com.anahat.qa.testcases.ReportPageTest"/>
  <testcase name="loginTest" time="4.165" classname="com.anahat.qa.testcases.LoginPageTest"/>
  <testcase name="DiagnosisReportTest" time="24.379" classname="com.anahat.qa.testcases.ReportPageTest"/>
  <testcase name="verifyAdaultLinkTest" time="1.449" classname="com.anahat.qa.testcases.HomePageTest"/>
  <testcase name="verifyAdminPanelLinkLinkTest" time="2.068" classname="com.anahat.qa.testcases.HomePageTest"/>
  <testcase name="verifyBbmpDashLinkTest" time="1.643" classname="com.anahat.qa.testcases.HomePageTest"/>
  <testcase name="verifyBbmpDiseaseProfileLinkTest" time="1.743" classname="com.anahat.qa.testcases.HomePageTest"/>
  <testcase name="verifyChildrenLinkTest" time="1.516" classname="com.anahat.qa.testcases.HomePageTest"/>
</testsuite> <!-- Test -->
